============================================================
  Generated by:           Genus(TM) Synthesis Solution 21.17-s066_1
  Generated on:           Aug 05 2025  08:01:40 am
  Module:                 poker_player
  Operating conditions:   PVT_1P32V_0C (balanced_tree)
  Wireload mode:          enclosed
  Area mode:              timing library
============================================================


Path 1: MET (7856 ps) Setup Check with Pin u_fsm_card_counter_reg[2]/CK->D
          Group: clk
     Startpoint: (F) cr_rdata[2]
          Clock: (R) clk
       Endpoint: (R) u_fsm_card_counter_reg[2]/D
          Clock: (R) clk

                     Capture       Launch     
        Clock Edge:+   10000            0     
        Drv Adjust:+       0            0     
       Src Latency:+       0            0     
       Net Latency:+       0 (I)        0 (I) 
           Arrival:=   10000            0     
                                              
             Setup:-      11                  
     Required Time:=    9989                  
      Launch Clock:-       0                  
       Input Delay:-    2000                  
         Data Path:-     133                  
             Slack:=    7856                  

Exceptions/Constraints:
  input_delay             2000            constraints.sdc_line_2_9_1 

#------------------------------------------------------------------------------------------------------
#        Timing Point         Flags   Arc   Edge    Cell      Fanout Load Trans Delay Arrival Instance 
#                                                                    (fF)  (ps)  (ps)   (ps)  Location 
#------------------------------------------------------------------------------------------------------
  cr_rdata[2]                 -       -     F     (arrival)        3  0.9     0     0    2000    (-,-) 
  g27388__4319/Y              -       A->Y  F     OR4X1LVT         1  0.5     9    40    2040    (-,-) 
  g27350__2883/Y              -       A2->Y R     OAI31X1LVT       2  0.6    22    15    2056    (-,-) 
  g24962/Y                    -       A->Y  F     INVXLLVT         1  0.5     8     9    2064    (-,-) 
  g24940__5115/Y              -       A0->Y R     OAI211X1LVT      1  0.3    16    14    2078    (-,-) 
  g24937/Y                    -       A->Y  F     INVXLLVT         2  1.0    10     9    2087    (-,-) 
  g24924__3680/Y              -       B0->Y R     OAI211X1LVT      2  0.9    21     9    2097    (-,-) 
  g24920/Y                    -       A->Y  F     INVXLLVT         1  0.3     6     8    2104    (-,-) 
  g24908__5477/Y              -       B0->Y R     OAI21XLLVT       1  0.6    19     8    2112    (-,-) 
  g24885__2883/Y              -       B0->Y F     AOI32X1LVT       1  0.3    26    11    2123    (-,-) 
  g24884/Y                    -       A->Y  R     INVXLLVT         1  0.5     9    10    2133    (-,-) 
  u_fsm_card_counter_reg[2]/D <<<     -     R     DFFRHQX1LVT      1    -     -     0    2133    (-,-) 
#------------------------------------------------------------------------------------------------------

