Operating system: Linux
                  0.0.0 Linux 4.18.0-513.24.1.el8_9.x86_64 #1 SMP Thu Mar 14 14:20:09 EDT 2024 x86_64
CPU: amd64
     family 6 model 85 stepping 7
     1 CPU

GPU: UNKNOWN

Crash reason:  DUMP_REQUESTED
Crash address: 0x7fb9caedd406
Process uptime: not available

Thread 0 (crashed)
 0  libcbreakpad.so + 0x36406
    rax = 0x0000000000000000   rdx = 0x0000000000000000
    rcx = 0x00007fb9caedbcb2   rbx = 0x00007fb9c86dcea0
    rsi = 0x0000000000000001   rdi = 0x00007fb9c86dc828
    rbp = 0x00007fb9c86dcde0   rsp = 0x00007fb9c86dc790
     r8 = 0x0000000000000000    r9 = 0x0000000000000000
    r10 = 0x0000000000000000   r11 = 0x0000000000000000
    r12 = 0x0000000000000000   r13 = 0x00007fb9c86dd198
    r14 = 0x00007fb9c86dce20   r15 = 0x0000000005c2970c
    rip = 0x00007fb9caedd406
    Found by: given as instruction pointer in context
 1  libcbreakpad.so + 0x34672
    rbp = 0x00007fb9c86dcf30   rsp = 0x00007fb9c86dcdf0
    rip = 0x00007fb9caedb672
    Found by: previous frame's frame pointer
 2  xmsim + 0x7adbe0
    rbp = 0x00007fb9c86dcf30   rsp = 0x00007fb9c86dce88
    rip = 0x0000000000badbe0
    Found by: stack scanning
 3  xmsim + 0x16da247
    rsp = 0x00007fb9c86dcf40   rip = 0x0000000001ada247
    Found by: stack scanning
 4  xmsim + 0x802e80
    rsp = 0x00007fb9c86dcf48   rip = 0x0000000000c02e80
    Found by: stack scanning
 5  libc-2.28.so + 0x50525
    rsp = 0x00007fb9c86dcf50   rip = 0x00007fb9caf68525
    Found by: stack scanning
 6  xmsim + 0x802e80
    rsp = 0x00007fb9c86dcf58   rip = 0x0000000000c02e80
    Found by: stack scanning
 7  xmsim + 0x802e80
    rsp = 0x00007fb9c86dcfb8   rip = 0x0000000000c02e80
    Found by: stack scanning
 8  libc-2.28.so + 0x50525
    rsp = 0x00007fb9c86dcfc0   rip = 0x00007fb9caf68525
    Found by: stack scanning
 9  xmsim + 0x802e80
    rsp = 0x00007fb9c86dcfc8   rip = 0x0000000000c02e80
    Found by: stack scanning
10  xmsim + 0x802e80
    rsp = 0x00007fb9c86dd028   rip = 0x0000000000c02e80
    Found by: stack scanning
11  libc-2.28.so + 0x50525
    rsp = 0x00007fb9c86dd030   rip = 0x00007fb9caf68525
    Found by: stack scanning
12  xmsim + 0x802e80
    rsp = 0x00007fb9c86dd038   rip = 0x0000000000c02e80
    Found by: stack scanning
13  xmsim + 0x802e80
    rsp = 0x00007fb9c86dd098   rip = 0x0000000000c02e80
    Found by: stack scanning
14  libc-2.28.so + 0x50525
    rsp = 0x00007fb9c86dd0a0   rip = 0x00007fb9caf68525
    Found by: stack scanning
15  xmsim + 0x802e80
    rsp = 0x00007fb9c86dd0a8   rip = 0x0000000000c02e80
    Found by: stack scanning
16  libc-2.28.so + 0x98efb
    rsp = 0x00007fb9c86dd100   rip = 0x00007fb9cafb0efb
    Found by: stack scanning
17  xmsim + 0x802e80
    rsp = 0x00007fb9c86dd108   rip = 0x0000000000c02e80
    Found by: stack scanning
18  libc-2.28.so + 0x50525
    rsp = 0x00007fb9c86dd110   rip = 0x00007fb9caf68525
    Found by: stack scanning
19  xmsim + 0x802e80
    rsp = 0x00007fb9c86dd118   rip = 0x0000000000c02e80
    Found by: stack scanning
20  libc-2.28.so + 0x50938
    rsp = 0x00007fb9c86dd150   rip = 0x00007fb9caf68938
    Found by: stack scanning
21  xmsim + 0x16dbe75
    rsp = 0x00007fb9c86dd190   rip = 0x0000000001adbe75
    Found by: stack scanning
22  libc-2.28.so + 0x17ffc0
    rsp = 0x00007fb9c86dd1e0   rip = 0x00007fb9cb097fc0
    Found by: stack scanning
23  xmsim + 0x80348c
    rsp = 0x00007fb9c86dd220   rip = 0x0000000000c0348c
    Found by: stack scanning
24  xmsim + 0x8034e5
    rsp = 0x00007fb9c86dd240   rip = 0x0000000000c034e5
    Found by: stack scanning
25  xmsim + 0x866d2e
    rsp = 0x00007fb9c86dd270   rip = 0x0000000000c66d2e
    Found by: stack scanning
26  xmsim + 0x8675ed
    rsp = 0x00007fb9c86dd350   rip = 0x0000000000c675ed
    Found by: stack scanning
27  libpthread-2.28.so + 0x12cf0
    rsp = 0x00007fb9c86dd380   rip = 0x00007fb9cb875cf0
    Found by: stack scanning

Loaded modules:
0x00400000 - 0x02619fff  xmsim  ???  (main)  (WARNING: No symbols, xmsim, F324402E1111A32E4D03379787A75D4E0)
0x7fb9c78bc000 - 0x7fb9c78c0fff  libxdt.so  ???
0x7fb9c7a8c000 - 0x7fb9c7a93fff  libuvmpli.so  ???
0x7fb9c7e2d000 - 0x7fb9c7e43fff  libml_uvm.so  ???
0x7fb9c870b000 - 0x7fb9c881afff  libStrapNC.so  ???
0x7fb9c88d1000 - 0x7fb9c8962fff  libdcapi.so  ???
0x7fb9c8992000 - 0x7fb9c8a14fff  libpcre2-8.so.0.7.1  ???
0x7fb9c8c16000 - 0x7fb9c8c3cfff  libselinux.so.1  ???
0x7fb9c8e41000 - 0x7fb9c8e47fff  libuuid.so.1.3.0  ???
0x7fb9c9049000 - 0x7fb9c9095fff  libblkid.so.1.1.0  ???
0x7fb9c929c000 - 0x7fb9c92f1fff  libmount.so.1.1.0  ???
0x7fb9c94f6000 - 0x7fb9c94fcfff  librt-2.28.so  ???
0x7fb9c96fe000 - 0x7fb9c97a1fff  libnss_myhostname.so.2  ???
0x7fb9c99aa000 - 0x7fb9c99bdfff  libresolv-2.28.so  ???
0x7fb9c9bc2000 - 0x7fb9c9bc6fff  libnss_dns-2.28.so  ???
0x7fb9c9dc9000 - 0x7fb9ca69cfff  passwd  ???
0x7fb9ca69d000 - 0x7fb9ca6a6fff  libnss_sss.so.2  ???
0x7fb9ca8a8000 - 0x7fb9ca8b2fff  libnss_files-2.28.so  ???
0x7fb9caabb000 - 0x7fb9cad32fff  LC_COLLATE  ???
0x7fb9cad33000 - 0x7fb9cad39fff  gconv-modules.cache  ???
0x7fb9cad3a000 - 0x7fb9cad8cfff  LC_CTYPE  ???
0x7fb9cae0e000 - 0x7fb9cae9dfff  libxmjudy.so.1.0.3  ???
0x7fb9caea7000 - 0x7fb9caefafff  libcbreakpad.so  ???  (WARNING: No symbols, libcbreakpad.so, 1A0F7F62185D2C02CF86A6E6B7CC82920)
0x7fb9caf18000 - 0x7fb9cb0d3fff  libc-2.28.so  ???  (WARNING: No symbols, libc-2.28.so, 6E154D57C8C032281A4038189FC1CFE70)
0x7fb9cb2dd000 - 0x7fb9cb45cfff  libm-2.28.so  ???
0x7fb9cb65f000 - 0x7fb9cb661fff  libdl-2.28.so  ???
0x7fb9cb863000 - 0x7fb9cb87dfff  libpthread-2.28.so  ???  (WARNING: No symbols, libpthread-2.28.so, 7A398FE0B7A679DE9209CD5BC35AABE00)
0x7fb9cba83000 - 0x7fb9cbab0fff  ld-2.28.so  ???
0x7fb9cbab9000 - 0x7fb9cbaccfff  libgcc_s.so.1  ???
0x7fb9cbad5000 - 0x7fb9cbc53fff  libstdc++.so.6.0.28  ???
0x7ffd9e3e0000 - 0x7ffd9e3e1fff  linux-gate.so  ???

******BACKTRACE*****
<unknown> (libcbreakpad.so) [0x7fb9caedb1a3]
<unknown> (libcbreakpad.so) [0x7fb9caedb630]
vserror (xmsim) [0x1ada247]
serror (xmsim) [0x1adbe75]
sv_seghandler_aux (xmsim) [0xc66d2e]
sv_seghandler (xmsim) [0xc675ed]
<unknown> (libpthread.so.0) [0x7fb9cb875cf0]
******BACKTRACE END*****