csi-xmsim - CSI: Command line:
xmsim
    -f /users/chipmango/chipmango-t14001/chipmango/projects/Logic-Poker-Lab/contents/modules/module00/lab00/sim/xcelium.d/run.lnx8664.23.03.d/ip-10-16-14-96.rdius.us_681480/xmsim.args
        -MESSAGES
        +EMGRLOG xrun.log
        -XLSTIME 1754566607
        -XLKEEP
        -XLMODE ./xcelium.d/run.lnx8664.23.03.d
        -RUNMODE
        -CDSLIB ./xcelium.d/run.lnx8664.23.03.d/cds.lib
        -HDLVAR ./xcelium.d/run.lnx8664.23.03.d/hdl.var
        -XLNAME xrun
        -XLVERSION TOOL:	xrun(64)	23.03-s004
        -XLNAME ./xcelium.d/run.lnx8664.23.03.d/ip-10-16-14-96.rdius.us_681480
    -CHECK_VERSION TOOL:	xrun(64)	23.03-s004
    -LOG_FD 4
    -LOG_FD_NAME xrun.log
    -cmdnopsim
    -runlock /users/chipmango/chipmango-t14001/chipmango/projects/Logic-Poker-Lab/contents/modules/module00/lab00/sim/xcelium.d/run.lnx8664.23.03.d/.xmlib.lock
    -runscratch /users/chipmango/chipmango-t14001/chipmango/projects/Logic-Poker-Lab/contents/modules/module00/lab00/sim/xcelium.d/run.lnx8664.23.03.d/ip-10-16-14-96.rdius.us_681480

csi-xmsim - CSI: *F,INTERR: INTERNAL EXCEPTION
Observed simulation time : 0 FS + 0
-----------------------------------------------------------------
The tool has encountered an unexpected condition and must exit.
Contact Cadence Design Systems customer support about this
problem and provide enough information to help us reproduce it,
including the logfile that contains this error message.
  TOOL:	xmsim(64)	23.03-s004
  HOSTNAME: ip-10-16-14-96.rdius.us
  OPERATING SYSTEM: Linux 4.18.0-513.24.1.el8_9.x86_64 #1 SMP Thu Mar 14 14:20:09 EDT 2024 x86_64
  MESSAGE: T(0): sv_seghandler - trapno -1 addr(0x4bd1f6c)
	Stream rts_xfer
-----------------------------------------------------------------

csi-xmsim - CSI: Cadence Support Investigation, recording details
External Code in function: <unavailable> offset -65516
External Code in function: <unavailable> offset -65536
External Code in function: <unavailable> offset -65535
Simulator Snap Shot: root (SSS_ROOT) in snapshot worklib.test_poker_player:sv (SSS)
Intermediate File: root (IF_ROOT) in snapshot worklib.test_poker_player:sv (SSS)
Intermediate File: root (IF_ROOT)
Intermediate File: data block (IF_BLK) in snapshot worklib.test_poker_player:sv (SSS)
Simulator Snap Shot: dynlib (SSS_DYNLIB) in snapshot worklib.test_poker_player:sv (SSS)
External Code in function: <unavailable> offset -65473
External Code in function: <unavailable> offset -65500
External Code in function: <unavailable> offset -65530
User Code in function: <unavailable> offset 42584851
csi-xmsim - CSI: investigation complete took 0.012 secs, send this file to Cadence Support
