Cadence Genus(TM) Synthesis Solution.
Copyright 2023 Cadence Design Systems, Inc. All rights reserved worldwide.
Cadence and the Cadence logo are registered trademarks and Genus is a trademark
of Cadence Design Systems, Inc. in the United States and other countries.

[11:48:27.244153] Configured Lic search path (21.01-s002): 50040@10.16.1.10

Version: 21.17-s066_1, built Wed Mar 15 06:43:30 PDT 2023
Options: 
Date:    Fri Aug 01 11:48:27 2025
Host:    ip-10-16-14-96.rdius.us (x86_64 w/Linux 4.18.0-513.24.1.el8_9.x86_64) (2cores*4cpus*1physical cpu*Intel(R) Xeon(R) Platinum 8259CL CPU @ 2.50GHz 36608KB) (15936784KB)
PID:     535178
OS:      Red Hat Enterprise Linux release 8.9 (Ootpa)


[11:48:27.076768] Periodic Lic check successful
[11:48:27.076776] Feature usage summary:
[11:48:27.076777] Genus_Synthesis
Checking out license: Genus_Synthesis


***********************************************************************************************************
***********************************************************************************************************



Loading tool scripts...
Finished loading tool scripts (11 seconds elapsed).

WARNING: This version of the tool is 870 days old.

Another Ctrl-C within 1 second will terminate the tool.
CURRENT RESOURCES: RT {elapsed: 20s, ST: 10s, FG: 10s, CPU: 83.2%}, MEM {curr: 1.0G, peak: 1.0G, phys curr: 0.3G, phys peak: 0.3G}, SYS {load: 0.3, cpu: 4, total: 15.2G, free: 2.2G}

Another Ctrl-C within 1 second will terminate the tool.
CURRENT RESOURCES: RT {elapsed: 21s, ST: 10s, FG: 10s, CPU: 83.2%}, MEM {curr: 1.0G, peak: 1.0G, phys curr: 0.3G, phys peak: 0.3G}, SYS {load: 0.3, cpu: 4, total: 15.2G, free: 2.2G}
Abnormal exit.
